TN:
SF:distributable/index.cjs
FN:16,get
FN:16,_interopRequireDefault
FNF:2
FNH:2
FNDA:14,get
FNDA:2,_interopRequireDefault
DA:1,1
DA:2,1
DA:3,1
DA:4,1
DA:5,1
DA:6,1
DA:7,1
DA:8,1
DA:9,1
DA:10,1
DA:11,1
DA:12,1
DA:13,1
DA:14,1
DA:15,1
DA:16,1
LF:16
LH:16
BRDA:16,0,0,2
BRDA:16,1,0,14
BRDA:16,2,0,2
BRDA:16,3,0,0
BRF:4
BRH:3
end_of_record
TN:
SF:source/library/index.cjs
FNF:0
FNH:0
DA:1,1
DA:2,1
DA:3,1
DA:4,1
DA:5,1
LF:5
LH:5
BRDA:5,0,0,2
BRF:1
BRH:1
end_of_record
TN:
SF:source/library/visitor.cjs
FN:41,_interopRequireDefault
FN:6,Visitor
FN:10,get nodeType
FN:14,onStringLiteralNode
FNF:4
FNH:4
FNDA:2,_interopRequireDefault
FNDA:7,Visitor
FNDA:7,get nodeType
FNDA:8,onStringLiteralNode
DA:1,1
DA:2,1
DA:3,1
DA:4,1
DA:5,1
DA:6,1
DA:7,7
DA:8,7
DA:9,1
DA:10,1
DA:11,7
DA:12,7
DA:13,1
DA:14,1
DA:15,8
DA:16,8
DA:17,8
DA:18,8
DA:19,8
DA:20,8
DA:21,8
DA:22,8
DA:23,8
DA:24,8
DA:25,8
DA:26,8
DA:27,8
DA:28,8
DA:29,1
DA:30,1
DA:31,1
DA:32,1
DA:33,1
DA:34,1
DA:35,1
DA:36,1
DA:37,1
DA:38,1
DA:39,1
DA:40,1
DA:41,1
LF:41
LH:41
BRDA:41,0,0,2
BRDA:41,1,0,2
BRDA:41,2,0,0
BRDA:6,3,0,7
BRDA:10,4,0,7
BRDA:14,5,0,8
BRDA:20,6,0,8
BRDA:22,7,0,1
BRDA:22,8,0,7
BRDA:22,9,0,0
BRF:10
BRH:8
end_of_record
